{"C:\\Users\\zluan\\Documents\\Curso React\\jest in pratice\\div.js": {"path":"C:\\Users\\zluan\\Documents\\Curso React\\jest in pratice\\div.js","statementMap":{"0":{"start":{"line":4,"column":2},"end":{"line":4,"column":10}}},"fnMap":{"0":{"name":"(anonymous_0)","decl":{"start":{"line":3,"column":15},"end":{"line":3,"column":16}},"loc":{"start":{"line":3,"column":21},"end":{"line":5,"column":1}},"line":3}},"branchMap":{},"s":{"0":1},"f":{"0":1},"b":{},"_coverageSchema":"1a1c01bbd47fc00a2c39e90264f33305004495a9","hash":"fc45cec656b2652f41cc108102a9704f99b29e07"}
,"C:\\Users\\zluan\\Documents\\Curso React\\jest in pratice\\sum.js": {"path":"C:\\Users\\zluan\\Documents\\Curso React\\jest in pratice\\sum.js","statementMap":{"0":{"start":{"line":4,"column":2},"end":{"line":4,"column":10}}},"fnMap":{"0":{"name":"(anonymous_0)","decl":{"start":{"line":3,"column":15},"end":{"line":3,"column":16}},"loc":{"start":{"line":3,"column":21},"end":{"line":5,"column":1}},"line":3}},"branchMap":{},"s":{"0":1},"f":{"0":1},"b":{},"_coverageSchema":"1a1c01bbd47fc00a2c39e90264f33305004495a9","hash":"2c9f648e90eccffe3ff80a620ced046ee8a33856"}
}
